
*** Running vivado
    with args -log blk_mem_gen_0.vds -m64 -product Vivado -mode batch -messageDb vivado.pb -notrace -source blk_mem_gen_0.tcl


****** Vivado v2017.2 (64-bit)
  **** SW Build 1909853 on Thu Jun 15 18:39:09 MDT 2017
  **** IP Build 1909766 on Thu Jun 15 19:58:00 MDT 2017
    ** Copyright 1986-2017 Xilinx, Inc. All Rights Reserved.

source blk_mem_gen_0.tcl -notrace
Starting RTL Elaboration : Time (s): cpu = 00:00:05 ; elapsed = 00:00:08 . Memory (MB): peak = 359.570 ; gain = 77.484
INFO: [Synth 8-638] synthesizing module 'blk_mem_gen_0' [c:/Users/Jorge/Documents/VHDL/final_dsed/final_dsed.srcs/sources_1/ip/blk_mem_gen_0/synth/blk_mem_gen_0.vhd:70]
INFO: [Synth 8-256] done synthesizing module 'blk_mem_gen_0' (11#1) [c:/Users/Jorge/Documents/VHDL/final_dsed/final_dsed.srcs/sources_1/ip/blk_mem_gen_0/synth/blk_mem_gen_0.vhd:70]
Finished RTL Elaboration : Time (s): cpu = 00:01:37 ; elapsed = 00:01:40 . Memory (MB): peak = 580.199 ; gain = 298.113
Finished RTL Optimization Phase 1 : Time (s): cpu = 00:01:37 ; elapsed = 00:01:41 . Memory (MB): peak = 580.199 ; gain = 298.113
INFO: [Device 21-403] Loading part xc7a100tcsg324-1
Constraint Validation Runtime : Time (s): cpu = 00:00:00 ; elapsed = 00:00:00.456 . Memory (MB): peak = 750.148 ; gain = 0.000
Finished Constraint Validation : Time (s): cpu = 00:01:48 ; elapsed = 00:01:56 . Memory (MB): peak = 750.148 ; gain = 468.063
Finished Loading Part and Timing Information : Time (s): cpu = 00:01:48 ; elapsed = 00:01:57 . Memory (MB): peak = 750.148 ; gain = 468.063
Finished applying 'set_property' XDC Constraints : Time (s): cpu = 00:01:48 ; elapsed = 00:01:57 . Memory (MB): peak = 750.148 ; gain = 468.063
Finished RTL Optimization Phase 2 : Time (s): cpu = 00:01:50 ; elapsed = 00:01:59 . Memory (MB): peak = 750.148 ; gain = 468.063
Finished Cross Boundary and Area Optimization : Time (s): cpu = 00:01:51 ; elapsed = 00:02:00 . Memory (MB): peak = 750.148 ; gain = 468.063
Finished Applying XDC Timing Constraints : Time (s): cpu = 00:02:01 ; elapsed = 00:02:10 . Memory (MB): peak = 750.148 ; gain = 468.063
Finished Timing Optimization : Time (s): cpu = 00:02:01 ; elapsed = 00:02:11 . Memory (MB): peak = 750.148 ; gain = 468.063
Finished Technology Mapping : Time (s): cpu = 00:02:02 ; elapsed = 00:02:11 . Memory (MB): peak = 750.148 ; gain = 468.063
Finished IO Insertion : Time (s): cpu = 00:02:02 ; elapsed = 00:02:12 . Memory (MB): peak = 750.148 ; gain = 468.063
Finished Renaming Generated Instances : Time (s): cpu = 00:02:02 ; elapsed = 00:02:12 . Memory (MB): peak = 750.148 ; gain = 468.063
Finished Rebuilding User Hierarchy : Time (s): cpu = 00:02:03 ; elapsed = 00:02:12 . Memory (MB): peak = 750.148 ; gain = 468.063
Finished Renaming Generated Ports : Time (s): cpu = 00:02:03 ; elapsed = 00:02:12 . Memory (MB): peak = 750.148 ; gain = 468.063
Finished Handling Custom Attributes : Time (s): cpu = 00:02:03 ; elapsed = 00:02:12 . Memory (MB): peak = 750.148 ; gain = 468.063
Finished Renaming Generated Nets : Time (s): cpu = 00:02:03 ; elapsed = 00:02:12 . Memory (MB): peak = 750.148 ; gain = 468.063

Report Cell Usage: 
+------+-----------+------+
|      |Cell       |Count |
+------+-----------+------+
|1     |LUT3       |     3|
|2     |LUT4       |    11|
|3     |LUT6       |    16|
|4     |MUXF7      |     8|
|5     |RAMB36E1   |    64|
|6     |RAMB36E1_1 |    64|
|7     |FDRE       |     6|
+------+-----------+------+
Finished Writing Synthesis Report : Time (s): cpu = 00:02:03 ; elapsed = 00:02:12 . Memory (MB): peak = 750.148 ; gain = 468.063
synth_design: Time (s): cpu = 00:02:04 ; elapsed = 00:02:15 . Memory (MB): peak = 750.148 ; gain = 470.691
